commit bba6635208defc4cb4504d3be3ee1aed71ca2387
Author: Miguel Santos <miguel.santos@areus.pt>
Date:   Thu Jun 1 22:45:22 2023 +0100

    Alteração do login e texto guiao w2

commit 143481c39669f86b290ac23314a3da95585eab50
Author: Miguel Santos <miguel.santos@areus.pt>
Date:   Thu Jun 1 20:59:58 2023 +0100

    Alteração da barra de tarefas e menu em todas as páginas

commit 62791636a55d201f1ba014b7524550c778d00050
Author: Miguel Santos <miguel.santos@areus.pt>
Date:   Thu Jun 1 20:49:18 2023 +0100

    Alteração da barra de tarefas e menu

commit 572911dad5f1f65c8b23d94ee15de30510e9cc0d
Merge: 29c502c 161e43b
Author: Miguel Santos <132615659+MS626@users.noreply.github.com>
Date:   Thu May 25 23:17:52 2023 +0100

    Merge branch 'main' into Miguel-Santos

commit 29c502cf79cb8048f0add8be8941b4098c25b762
Author: Miguel Santos <miguel.santos@areus.pt>
Date:   Thu May 25 23:16:33 2023 +0100

    login alterado

commit 161e43b3eb3e853fbdb0b24e8dd4ae7fa39abdfd
Merge: 2eeadb5 2738163
Author: ASNogue <118857409+ASNogue@users.noreply.github.com>
Date:   Thu May 25 23:14:32 2023 +0100

    Merge pull request #33 from manoper93/Andre-Nogueira
    
    Andre nogueira

commit 2738163a00e83c8695523bba4d6ea9c661b35c47
Merge: c97effe 2eeadb5
Author: ASNogue <118857409+ASNogue@users.noreply.github.com>
Date:   Thu May 25 23:13:42 2023 +0100

    Merge branch 'main' into Andre-Nogueira

commit c97effe10f811ddc587305c69615f7d92f700350
Author: ASNogue <118857409+ASNogue@users.noreply.github.com>
Date:   Thu May 25 23:08:46 2023 +0100

    contacto

commit 2eeadb5b89e42740b6f113fb68a08f4a34e997ae
Merge: 76eed6f 098bf5d
Author: S.S.I <70864023+manoper93@users.noreply.github.com>
Date:   Thu May 25 23:07:48 2023 +0100

    Merge pull request #32 from manoper93/ssi
    
    box

commit 098bf5d4fc0bfaa5e29e0694cf15f92c935e5952
Author: manoper93 <sergio.silva.isidoro@gmail.com>
Date:   Thu May 25 23:06:07 2023 +0100

    box

commit 76eed6fe38ade50378fe411ea3e5e15c828d12fd
Merge: 82e6353 d84d1da
Author: S.S.I <70864023+manoper93@users.noreply.github.com>
Date:   Thu May 25 23:01:06 2023 +0100

    Merge pull request #31 from manoper93/ssi
    
    Ssi

commit d84d1daac1ba271f69bc66bd870756e6dce3ee3d
Author: manoper93 <sergio.silva.isidoro@gmail.com>
Date:   Thu May 25 22:58:52 2023 +0100

    .

commit bcc97bd53867b0375ec7ce049cd0d8c4db9ac581
Author: manoper93 <sergio.silva.isidoro@gmail.com>
Date:   Thu May 25 22:52:15 2023 +0100

    .

commit fa21257167fe7591263c816684ba4219e05d4f77
Author: manoper93 <sergio.silva.isidoro@gmail.com>
Date:   Thu May 25 22:50:04 2023 +0100

    .

commit a8899d1331479b34e9358fd6381b8df1d1b5d345
Merge: d588e69 82e6353
Author: manoper93 <sergio.silva.isidoro@gmail.com>
Date:   Thu May 25 22:49:38 2023 +0100

    Merge remote-tracking branch 'origin' into ssi

commit d588e69a5d1c6ba12f53442c3d3c97925ef7070b
Author: S.S.I <70864023+manoper93@users.noreply.github.com>
Date:   Thu May 25 22:49:55 2023 +0100

    Add files via upload

commit 2f8436dc1fa145b4ef5fb6aafe0ee2ed63ac8f40
Author: manoper93 <sergio.silva.isidoro@gmail.com>
Date:   Thu May 25 22:47:09 2023 +0100

    clean

commit 82e63536254724d7e4d9337a876993180c4e6603
Author: manoper93 <sergio.silva.isidoro@gmail.com>
Date:   Thu May 25 22:46:20 2023 +0100

    ele_v2

commit 6a4508d6be87b3a481221b90c85ba9c1d3d3e602
Author: manoper93 <sergio.silva.isidoro@gmail.com>
Date:   Thu May 25 22:45:09 2023 +0100

    ele_v2

commit efd828b9137f8db6a4a155780c98054abff01a70
Merge: c7f5f5d cfa87ed
Author: S.S.I <70864023+manoper93@users.noreply.github.com>
Date:   Thu May 25 22:36:54 2023 +0100

    Merge pull request #30 from manoper93/main
    
    Merge pull request #29 from manoper93/ssi

commit cfa87ed3977600074eb8b6c737a71ef6e7f6f286
Merge: 0f53592 c7f5f5d
Author: S.S.I <70864023+manoper93@users.noreply.github.com>
Date:   Thu May 25 22:25:06 2023 +0100

    Merge pull request #29 from manoper93/ssi
    
    eletricidade caixas

commit c7f5f5d794437f128a3a47824ac3c80d16139aec
Merge: 09a5e2a 0f53592
Author: S.S.I <70864023+manoper93@users.noreply.github.com>
Date:   Thu May 25 22:24:56 2023 +0100

    Merge branch 'main' into ssi

commit 09a5e2a265a4dcab644310caec22b5080ef33e9f
Author: manoper93 <sergio.silva.isidoro@gmail.com>
Date:   Thu May 25 22:21:10 2023 +0100

    eletricidade caixas

commit 0f53592eed4acba84102434df98fed807fc7c280
Merge: 0cbe38a f89942f
Author: Miguel Santos <132615659+MS626@users.noreply.github.com>
Date:   Thu May 25 21:57:05 2023 +0100

    Merge pull request #28 from manoper93/Miguel-Santos
    
    sem fundos nos botões e login

commit f89942f14781f27f294ba1b9b26c2a1772da0bf3
Author: Miguel Santos <miguel.santos@areus.pt>
Date:   Thu May 25 21:56:11 2023 +0100

    sem fundos nos botões e login

commit 0cbe38a0ea5c58261fc31e480c5ea51bfff23494
Merge: 17e1b63 0cd43ea
Author: Miguel Santos <132615659+MS626@users.noreply.github.com>
Date:   Thu May 25 21:52:28 2023 +0100

    Merge pull request #27 from manoper93/Miguel-Santos
    
    Miguel santos

commit 0cd43eaebbd48ce1d9ce824ce84b5cce58ab1f23
Merge: abaafa6 17e1b63
Author: Miguel Santos <132615659+MS626@users.noreply.github.com>
Date:   Thu May 25 21:52:21 2023 +0100

    Merge branch 'main' into Miguel-Santos

commit abaafa60f7deb661b6b7f3d502311dfdd14ebe85
Author: Miguel Santos <miguel.santos@areus.pt>
Date:   Thu May 25 21:47:25 2023 +0100

    Páginas com logo e nav bar

commit 9c2f8dd1adb756595dbde0dd249972708f5b8449
Author: S.S.I <70864023+manoper93@users.noreply.github.com>
Date:   Thu May 25 21:25:44 2023 +0100

    Add files via upload

commit c8b3db8e25695a14b6a739bdc5345f3334855513
Author: ASNogue <118857409+ASNogue@users.noreply.github.com>
Date:   Thu May 25 21:24:20 2023 +0100

    s

commit fff8661d96c53612a51fadf8371163577f819084
Author: S.S.I <70864023+manoper93@users.noreply.github.com>
Date:   Thu May 25 21:21:39 2023 +0100

    Add files via upload

commit 17e1b636de24b091a43b9b9be1273e0b30283cd7
Author: S.S.I <70864023+manoper93@users.noreply.github.com>
Date:   Thu May 25 21:19:11 2023 +0100

    Add files via upload

commit 3d85bf126afdbd88cfeed3375000b7568ba610b5
Author: S.S.I <70864023+manoper93@users.noreply.github.com>
Date:   Thu May 25 21:17:57 2023 +0100

    Add files via upload

commit 66a369064012a81bf7b9020040b3c5a4c22d721b
Merge: 1381007 c17201e
Author: S.S.I <70864023+manoper93@users.noreply.github.com>
Date:   Thu May 25 21:17:08 2023 +0100

    Merge pull request #26 from manoper93/ssi
    
    fd

commit c17201ef5bb6a6251425bba7dfc6056ea530c2bf
Author: manoper93 <sergio.silva.isidoro@gmail.com>
Date:   Thu May 25 21:15:35 2023 +0100

    fd

commit 524b8abba0397bc3f251ddb987ec15cf09e0b62f
Merge: d1f26d2 1381007
Author: Miguel Santos <132615659+MS626@users.noreply.github.com>
Date:   Thu May 25 21:14:29 2023 +0100

    Merge pull request #22 from manoper93/main
    
    merge dados novos

commit 1381007537c06268d419950835df3c36b3334155
Merge: eb2295a d1f26d2
Author: Miguel Santos <miguel.santos@areus.pt>
Date:   Thu May 25 21:13:50 2023 +0100

    dd

commit eb2295a76a08fc8980be59e5404531d9c416fbcc
Merge: b5c75f6 26bed04
Author: S.S.I <70864023+manoper93@users.noreply.github.com>
Date:   Thu May 25 21:01:26 2023 +0100

    Merge pull request #25 from manoper93/ssi
    
    df

commit 26bed04912ff4797a910484819d6338ff3ba1025
Author: manoper93 <sergio.silva.isidoro@gmail.com>
Date:   Thu May 25 20:59:51 2023 +0100

    df

commit b5c75f6361e2263d5a1ed7cfd6ab5d141b02729c
Author: S.S.I <70864023+manoper93@users.noreply.github.com>
Date:   Thu May 25 20:57:08 2023 +0100

    Update script.js

commit 0f956966f53f103766d8b7ef367c857af1b73bcf
Author: S.S.I <70864023+manoper93@users.noreply.github.com>
Date:   Thu May 25 20:55:05 2023 +0100

    Update style.css

commit 922449f8cd4e370425fc86c40f0360286a1bb345
Author: S.S.I <70864023+manoper93@users.noreply.github.com>
Date:   Thu May 25 20:53:23 2023 +0100

    Update index.html

commit a952a5958fd5529cfc14ceec1935521a130b7678
Merge: 333558a 0a1f7de
Author: S.S.I <70864023+manoper93@users.noreply.github.com>
Date:   Thu May 25 20:52:37 2023 +0100

    Merge pull request #23 from manoper93/ssi
    
    f

commit 0a1f7de4c4d083e1bd3eb865999e470e84cdcdf9
Author: manoper93 <sergio.silva.isidoro@gmail.com>
Date:   Thu May 25 20:50:50 2023 +0100

    f

commit d1f26d23f062466e5a6dedb6f202163350f076b8
Author: Miguel Santos <132615659+MS626@users.noreply.github.com>
Date:   Thu May 25 19:00:02 2023 +0100

    Delete index.html

commit c4b7bbf30f36ff5076390b8b98394ebd2191eef6
Author: Miguel Santos <132615659+MS626@users.noreply.github.com>
Date:   Thu May 25 18:59:51 2023 +0100

    Delete README.md

commit 3400944eebefe8cc59bf72d7d02565d39e2aec74
Author: Miguel Santos <132615659+MS626@users.noreply.github.com>
Date:   Thu May 25 18:59:39 2023 +0100

    Delete Mobilidade.html

commit 64e8d5514e383c7dc737338a880a334957b709c2
Author: Miguel Santos <132615659+MS626@users.noreply.github.com>
Date:   Thu May 25 18:59:19 2023 +0100

    Delete LICENSE.txt

commit 8a4d4372fd560238f8b80f7c7a16e212f384e8eb
Author: Miguel Santos <132615659+MS626@users.noreply.github.com>
Date:   Thu May 25 18:59:06 2023 +0100

    Delete Energia.html

commit 89df1835730a6069ff350c4fb46254bb364b460d
Author: Miguel Santos <132615659+MS626@users.noreply.github.com>
Date:   Thu May 25 18:58:51 2023 +0100

    Delete Eletricidade.html

commit 333558a357963c82ea7771056c2526e25f3a94e5
Merge: 91940ad 3464dd9
Author: Miguel Santos <miguel.santos@areus.pt>
Date:   Thu May 25 18:37:27 2023 +0100

    resolver conflito merge

commit 8d9b18ffcfc332f1a009e509368b51d4e95db93b
Author: Miguel Santos <132615659+MS626@users.noreply.github.com>
Date:   Thu May 25 18:35:35 2023 +0100

    Update index.html

commit ab80a9c15aeedce44cb3dffbe4485d44f2f95a11
Author: Miguel Santos <132615659+MS626@users.noreply.github.com>
Date:   Thu May 25 18:35:14 2023 +0100

    Update Mobilidade.html

commit f4ccef0246894095a1058d79ae75d78be20f0e44
Author: Miguel Santos <132615659+MS626@users.noreply.github.com>
Date:   Thu May 25 18:35:00 2023 +0100

    Update Energia.html

commit 4d5d7f240fdda9137006b3a775786862f8c000f8
Author: Miguel Santos <132615659+MS626@users.noreply.github.com>
Date:   Thu May 25 18:34:48 2023 +0100

    Update Eletricidade.html

commit c20c6344b16c1f9724764de9e0971dd1b3b0c92c
Author: Miguel Santos <132615659+MS626@users.noreply.github.com>
Date:   Thu May 25 18:22:53 2023 +0100

    Delete styles directory

commit ef51cfbe04a396988f992721c881f2c2391b4c6c
Author: Miguel Santos <132615659+MS626@users.noreply.github.com>
Date:   Thu May 25 18:22:42 2023 +0100

    Delete scripts directory

commit 013e127465aa1c4638fd8ffdd8163d2d6f4eeda1
Author: ASNogue <118857409+ASNogue@users.noreply.github.com>
Date:   Thu May 25 18:22:35 2023 +0100

    Delete right-sidebar.html

commit bd458177e277dab75c24971ad3ba8341397d297e
Author: Miguel Santos <132615659+MS626@users.noreply.github.com>
Date:   Thu May 25 18:22:31 2023 +0100

    Delete images directory

commit f9febfc139830cbf3d31bb58606810efaf38d94f
Author: ASNogue <118857409+ASNogue@users.noreply.github.com>
Date:   Thu May 25 18:22:20 2023 +0100

    Delete index.html

commit e1c1ecf2a427cbf80416e72c216c91382ed1ecbc
Author: ASNogue <118857409+ASNogue@users.noreply.github.com>
Date:   Thu May 25 18:22:04 2023 +0100

    Delete contacto.html

commit d838ab340df0aedd37793266a824b6106cc6155e
Author: ASNogue <118857409+ASNogue@users.noreply.github.com>
Date:   Thu May 25 18:21:51 2023 +0100

    Delete conta.html

commit 46f02401d4ad4500779feea403e4a2cadc3f9e3e
Author: ASNogue <118857409+ASNogue@users.noreply.github.com>
Date:   Thu May 25 18:21:30 2023 +0100

    Delete carrinho.html

commit 072c3e2be80de12802f5e088e3d1756bce2f7aa8
Author: ASNogue <118857409+ASNogue@users.noreply.github.com>
Date:   Thu May 25 18:21:15 2023 +0100

    Delete README.md

commit 7bf8c2c6e7333c77ed6e22749c58c02da848d9f5
Author: ASNogue <118857409+ASNogue@users.noreply.github.com>
Date:   Thu May 25 18:20:58 2023 +0100

    Delete LICENSE.txt

commit 9c705008293088479d8cd2190a16b45070f4e7d2
Author: ASNogue <118857409+ASNogue@users.noreply.github.com>
Date:   Thu May 25 18:20:41 2023 +0100

    Delete images directory

commit bea7bdd8942ced13b37f12eaac6998402ffc99bb
Author: ASNogue <118857409+ASNogue@users.noreply.github.com>
Date:   Thu May 25 18:20:29 2023 +0100

    Delete assets directory

commit 3464dd9fc95b2f72735429e3ac3efe975d1e6ea5
Author: Miguel Santos <132615659+MS626@users.noreply.github.com>
Date:   Thu May 25 18:20:02 2023 +0100

    Delete OLD site directory

commit 91940ade9b6dbfc5062610bdab4972e210f99b7b
Author: ASNogue <118857409+ASNogue@users.noreply.github.com>
Date:   Thu May 25 17:59:15 2023 +0100

    contactos

commit e6b474655bfd88e7b653cca212b18c6404ccb415
Author: Miguel Santos <miguel.santos@areus.pt>
Date:   Thu May 25 11:42:25 2023 +0100

    icons e login

commit 075e2d645a6b6ab26a21d419009c797594082be9
Merge: 721026d 4088728
Author: S.S.I <70864023+manoper93@users.noreply.github.com>
Date:   Thu May 25 02:42:57 2023 +0100

    Merge pull request #21 from manoper93/ssi
    
    login_v1

commit 4088728a7bb2150db6b5b4fa25dc7056459e551a
Author: manoper93 <sergio.silva.isidoro@gmail.com>
Date:   Thu May 25 02:41:10 2023 +0100

    login_v1

commit 721026d7b8a439af5204304080eb6079f31c98fa
Merge: 0083e3a 790754d
Author: S.S.I <70864023+manoper93@users.noreply.github.com>
Date:   Thu May 25 00:35:08 2023 +0100

    Ficheiro reparados de estarem corruptos
    
    Ficheiro reparados de estarem corruptos

commit 790754d48ad2eba7cbdede03bca9af2dec8bd7ed
Author: manoper93 <sergio.silva.isidoro@gmail.com>
Date:   Thu May 25 00:32:28 2023 +0100

    ....

commit 0083e3ae86188eaf5521d9378fcac377a6ed5215
Merge: 59d322b afc6850
Author: S.S.I <70864023+manoper93@users.noreply.github.com>
Date:   Thu May 25 00:21:09 2023 +0100

    Merge pull request #19 from manoper93/ssi
    
    ...

commit 59d322be8803e0a012374b1d3341ac0c2e62f0da
Merge: e52f59f d441c40
Author: S.S.I <70864023+manoper93@users.noreply.github.com>
Date:   Thu May 25 00:19:45 2023 +0100

    Merge pull request #18 from manoper93/ssi
    
    Ssi

commit afc6850a05ac9aba620b74106158ba7085b39803
Author: manoper93 <sergio.silva.isidoro@gmail.com>
Date:   Thu May 25 00:19:22 2023 +0100

    ...

commit d441c40eecf7385c81a415a7dc376b2c8e4a13b7
Merge: 9ef5652 e52f59f
Author: manoper93 <sergio.silva.isidoro@gmail.com>
Date:   Thu May 25 00:16:22 2023 +0100

    ..

commit e52f59fae2ad7916444fdcf8016baf47ec57968c
Author: manoper93 <sergio.silva.isidoro@gmail.com>
Date:   Thu May 25 00:14:28 2023 +0100

    Merge branch 'main' of https://github.com/manoper93/P21_GDENERGIA into ssi

commit 9ef5652729d5dedff7540516cbc6b4bf98d89d02
Merge: 20d1db4 2d33be0
Author: manoper93 <sergio.silva.isidoro@gmail.com>
Date:   Thu May 25 00:10:56 2023 +0100

    Merge branch 'ssi' of https://github.com/manoper93/P21_GDENERGIA into ssi

commit fc7345f4ec16c43548619e54af5ab5b8a19d697b
Author: S.S.I <70864023+manoper93@users.noreply.github.com>
Date:   Wed May 24 22:14:14 2023 +0100

    create images/WATT.png

commit 53650b5cd75b51e076dd8afbf95289b477ac3c94
Author: S.S.I <70864023+manoper93@users.noreply.github.com>
Date:   Wed May 24 22:14:06 2023 +0100

    create images/shadow.png

commit d2446572a56e87903d81094ed2617e7e079f725b
Author: S.S.I <70864023+manoper93@users.noreply.github.com>
Date:   Wed May 24 22:13:58 2023 +0100

    create images/overlay.png

commit c68ac2685d613497c93583ead2df4202dd13a16f
Author: S.S.I <70864023+manoper93@users.noreply.github.com>
Date:   Wed May 24 22:13:51 2023 +0100

    create images/Mobile charge.jpg

commit 9644e6b976bb840295daedc506d3f09db141e436
Author: S.S.I <70864023+manoper93@users.noreply.github.com>
Date:   Wed May 24 22:13:44 2023 +0100

    create images/Logotipo transparente.png

commit 75ac78c86e286d9df71d0c2bdc1c9731d23cf9fc
Author: S.S.I <70864023+manoper93@users.noreply.github.com>
Date:   Wed May 24 22:13:28 2023 +0100

    create images/Energia verde v1.png

commit 33998e515f73ca1dc3257f8eef635d3e4b5446f5
Author: S.S.I <70864023+manoper93@users.noreply.github.com>
Date:   Wed May 24 22:13:05 2023 +0100

    Delete the file at 'Energia verde v1.png'

commit b9d7b76968962c03f48bc99193c61c2c3ffd144e
Author: S.S.I <70864023+manoper93@users.noreply.github.com>
Date:   Wed May 24 22:12:57 2023 +0100

    create Energia verde v1.png

commit 99bb295ff92675b1628be00fe7dd43cc96770afa
Author: S.S.I <70864023+manoper93@users.noreply.github.com>
Date:   Wed May 24 22:12:50 2023 +0100

    Delete the file at 'images/.gitkeep'

commit bfae4ee00d0e84808d53e5b33807f14cb85a64b3
Author: S.S.I <70864023+manoper93@users.noreply.github.com>
Date:   Wed May 24 22:12:45 2023 +0100

    create images/casa sustentável.jpg

commit 8cb9c55fcc156cafe671a9f6474bc3b1d101db5a
Author: S.S.I <70864023+manoper93@users.noreply.github.com>
Date:   Wed May 24 22:12:22 2023 +0100

    create images

commit 22a8210a709899331192a077007fcdf943a8ac52
Author: S.S.I <70864023+manoper93@users.noreply.github.com>
Date:   Wed May 24 22:11:44 2023 +0100

    Delete the file at 'scripts/.gitkeep'

commit f5e6780536d5455e24e0f8563f19a53c0c8c544c
Author: S.S.I <70864023+manoper93@users.noreply.github.com>
Date:   Wed May 24 22:11:38 2023 +0100

    create scripts/script.js

commit 52b54a32b145178d5816a46678e18a9ad4da8c15
Author: S.S.I <70864023+manoper93@users.noreply.github.com>
Date:   Wed May 24 22:11:19 2023 +0100

    create scripts

commit d62a63fb85b54114c286eac98df39c3170383cbb
Author: S.S.I <70864023+manoper93@users.noreply.github.com>
Date:   Wed May 24 22:10:52 2023 +0100

    Delete the file at 'styles/.gitkeep'

commit 9cb25bf81d315abb55b19309a7bb4c4e1306d49e
Author: S.S.I <70864023+manoper93@users.noreply.github.com>
Date:   Wed May 24 22:10:43 2023 +0100

    create styles/style.css

commit 5095de2b89c04f8f3f08b670c698b7a920ca3f14
Author: S.S.I <70864023+manoper93@users.noreply.github.com>
Date:   Wed May 24 22:10:25 2023 +0100

    create styles

commit d9790836111b4961f38ed5c2142836aa5b0a1f90
Author: S.S.I <70864023+manoper93@users.noreply.github.com>
Date:   Wed May 24 22:07:38 2023 +0100

    Add files via upload

commit 44824521ecba0205298ac7351c8468b687cf4655
Author: S.S.I <70864023+manoper93@users.noreply.github.com>
Date:   Wed May 24 22:04:22 2023 +0100

    Delete right-sidebar.html

commit a7d4a47ee56f23d4e5cfec1a85b4a410e87f0f36
Author: S.S.I <70864023+manoper93@users.noreply.github.com>
Date:   Wed May 24 22:04:11 2023 +0100

    Delete index.html

commit 4164b3b1898abdabac27200fe67764118cd431e2
Author: S.S.I <70864023+manoper93@users.noreply.github.com>
Date:   Wed May 24 22:04:00 2023 +0100

    Delete formulario.php

commit 2c2589b330ab26d47fa4589d49bcdac7250cbc73
Author: S.S.I <70864023+manoper93@users.noreply.github.com>
Date:   Wed May 24 22:03:46 2023 +0100

    Delete contacto.html

commit 00dec147de0be096329ceae56482f6e2b66de826
Author: S.S.I <70864023+manoper93@users.noreply.github.com>
Date:   Wed May 24 22:03:32 2023 +0100

    Delete conectar_db.php

commit 1a97b28dd8ebc7f7d6a944100da742d3e8d7c678
Author: S.S.I <70864023+manoper93@users.noreply.github.com>
Date:   Wed May 24 22:03:17 2023 +0100

    Delete conta.html

commit 651f3c065e2e6adae3a65e6684a83be7af741b84
Author: S.S.I <70864023+manoper93@users.noreply.github.com>
Date:   Wed May 24 22:02:57 2023 +0100

    Delete carrinho.html

commit 424c7633eb9d242b25bcce75cae3370d16c83b96
Author: S.S.I <70864023+manoper93@users.noreply.github.com>
Date:   Wed May 24 22:02:43 2023 +0100

    Delete LICENSE.txt

commit 50395baba187050d3253aab6d4b20528f916719c
Author: S.S.I <70864023+manoper93@users.noreply.github.com>
Date:   Wed May 24 22:02:30 2023 +0100

    Delete images directory

commit a9d7d1e4cc768fa86df9836944eb9533d1d4e788
Author: S.S.I <70864023+manoper93@users.noreply.github.com>
Date:   Wed May 24 22:02:14 2023 +0100

    Delete assets directory

commit 06fb4d221526daa0a1e2cb85f3a04a0a33cc3b0f
Author: Miguel Santos <miguel.santos@areus.pt>
Date:   Wed May 24 21:54:14 2023 +0100

    Novo Site

commit 20d1db492a4a6c08f27c582698a661f6e308b4f8
Author: manoper93 <sergio.silva.isidoro@gmail.com>
Date:   Tue May 23 12:53:07 2023 +0100

    db operacional

commit 2d33be08e236cdef2836aa64ee3dc99a63ec543e
Author: S.S.I <70864023+manoper93@users.noreply.github.com>
Date:   Tue May 23 00:20:23 2023 +0100

    index.html

commit 47b49be5a6e82929c22f376741d383ab62038c02
Author: S.S.I <70864023+manoper93@users.noreply.github.com>
Date:   Mon May 22 17:14:39 2023 +0100

    Atualizar o formulario.php

commit 6569ff3a838174427339f9cfdf59c4890dc6d678
Merge: 3c0f249 3cd3498
Author: S.S.I <70864023+manoper93@users.noreply.github.com>
Date:   Mon May 22 16:02:06 2023 +0100

    Merge pull request #16 from manoper93/ssi
    
    base de dados contacto

commit 3cd3498cf69d6c26a5ac202fca5405eb58fda31c
Author: manoper93 <sergio.silva.isidoro@gmail.com>
Date:   Mon May 22 15:59:03 2023 +0100

    base de dados contacto

commit af02fb2d73c50b74840c9469a893e6f9ba7c228d
Merge: 300e271 3c0f249
Author: S.S.I <70864023+manoper93@users.noreply.github.com>
Date:   Mon May 22 00:05:24 2023 +0100

    Merge pull request #15 from manoper93/main
    
    merge

commit 3c0f249444c4c6d2c28fa6152088d604ecbcdd0b
Merge: 8a8f9c9 300e271
Author: S.S.I <70864023+manoper93@users.noreply.github.com>
Date:   Mon May 22 00:03:52 2023 +0100

    Merge pull request #14 from manoper93/ssi
    
    Merge branch 'main' into ssi

commit 300e271318ec5735186bb437e054aedce58fbc41
Merge: dcc7ea3 5536ad7
Author: manoper93 <sergio.silva.isidoro@gmail.com>
Date:   Sun May 21 23:39:16 2023 +0100

    Merge branch 'main' into ssi

commit 8a8f9c944ad366831b07cc8b643a13919f0cdd69
Merge: 738e653 cbad0ec
Author: Miguel Santos <132615659+MS626@users.noreply.github.com>
Date:   Sun May 21 23:34:38 2023 +0100

    Merge pull request #13 from manoper93/Miguel-Santos
    
    Colocação Multi-idioma na página principal

commit cbad0ec1e40bbf009d2e808180b24b1ac555cd05
Author: Miguel Santos <miguel.santos@areus.pt>
Date:   Sun May 21 23:32:34 2023 +0100

    Colocação Multi-idioma na página principal

commit 738e6536c9ba66b4e59e11625ea0e402d7527cfa
Merge: c32ef5a 5b506cc
Author: Miguel Santos <132615659+MS626@users.noreply.github.com>
Date:   Sun May 21 23:16:41 2023 +0100

    Merge pull request #12 from manoper93/Miguel-Santos
    
    Alteração Logo

commit 5b506cc2df9e044218e849490d702c5f8a203637
Author: Miguel Santos <miguel.santos@areus.pt>
Date:   Sun May 21 23:15:03 2023 +0100

    Alteração Logo

commit c32ef5a5ed811e2666c1d99ee5911dfadca7e1e0
Merge: 6501d48 c7664e3
Author: ASNogue <118857409+ASNogue@users.noreply.github.com>
Date:   Sun May 21 23:10:13 2023 +0100

    Merge pull request #11 from manoper93/Andre-Nogueira
    
    alteração contatcto

commit c7664e39f8ba860b814f278ec9ac187274d080da
Author: ASNogue <118857409+ASNogue@users.noreply.github.com>
Date:   Sun May 21 23:08:55 2023 +0100

    alteração contatcto

commit 6501d488bfc253b6467d90afba2d4ebeeb85b795
Merge: 00c3b01 5275c0b
Author: Miguel Santos <132615659+MS626@users.noreply.github.com>
Date:   Sun May 21 23:07:36 2023 +0100

    Merge pull request #8 from manoper93/Miguel-Santos
    
    Logotipo no cabeçalho

commit 5275c0b43b4c979be44f31387f648b4d3b40650e
Author: Miguel Santos <miguel.santos@areus.pt>
Date:   Sun May 21 23:05:51 2023 +0100

    Alteração Logo

commit 15fa4d13cf40e02c5d7a8b632b95afa1a6e64d5e
Author: Miguel Santos <miguel.santos@areus.pt>
Date:   Sun May 21 22:20:42 2023 +0100

    Alteração Google

commit 10897c7e994da9c350e9709fcf7fc4796954256f
Merge: 17a032f dcc7ea3
Author: Miguel Santos <132615659+MS626@users.noreply.github.com>
Date:   Sun May 21 22:12:03 2023 +0100

    Merge pull request #10 from manoper93/ssi
    
    Ssi

commit dcc7ea395c16457824cc8eb91931c67b9d6bfa1c
Merge: c5b45a6 17a032f
Author: Miguel Santos <132615659+MS626@users.noreply.github.com>
Date:   Sun May 21 22:11:56 2023 +0100

    Merge branch 'Miguel-Santos' into ssi

commit 00c3b01f4c271c398fc0a26e00ba9dde98b5475d
Merge: 5536ad7 0bf9cc4
Author: Miguel Santos <132615659+MS626@users.noreply.github.com>
Date:   Sun May 21 21:46:15 2023 +0100

    Merge pull request #9 from manoper93/Andre-Nogueira
    
    Merge pull request #7 from manoper93/main

commit 0bf9cc49ab03a8db9743a2838a5713102f25d261
Merge: 811047e 5536ad7
Author: Miguel Santos <132615659+MS626@users.noreply.github.com>
Date:   Sun May 21 21:44:00 2023 +0100

    Merge pull request #7 from manoper93/main
    
    Contacto

commit 17a032ffa5d759aa237ad1151c24371c431f2907
Author: Miguel Santos <miguel.santos@areus.pt>
Date:   Sun May 21 21:43:16 2023 +0100

    Logotipo no cabeçalho

commit 5536ad773c74d7a23fb247ea0619504b59eec4ec
Merge: c31bcbc c5b45a6
Author: S.S.I <70864023+manoper93@users.noreply.github.com>
Date:   Sun May 21 14:38:10 2023 +0100

    Merge pull request #6 from manoper93/sergio-isidoro
    
    photoshop no logotipo

commit c5b45a6eef04a3d7c92b8f69a0b3fb4eef9cd936
Author: manoper93 <sergio.silva.isidoro@gmail.com>
Date:   Sun May 21 14:35:14 2023 +0100

    photoshop no logotipo

commit c31bcbc8a55111b257db499b9a4869449ec68e1c
Merge: ff8ffd7 52ac39c
Author: S.S.I <70864023+manoper93@users.noreply.github.com>
Date:   Sun May 21 14:13:42 2023 +0100

    Ficheiros teste eliminados e menus modificados
    
    Ficheiros teste eliminados e menus modificados

commit 52ac39c47b870775057d0f5520b562aa0e910513
Merge: f065df1 ff8ffd7
Author: manoper93 <sergio.silva.isidoro@gmail.com>
Date:   Sun May 21 14:06:53 2023 +0100

    Merge branch 'main' into sergio-isidoro

commit f065df127aa6a65289b3bf2a5efc2c620df07830
Author: manoper93 <sergio.silva.isidoro@gmail.com>
Date:   Sun May 21 14:06:24 2023 +0100

    alteracao dos menus

commit a1e2a37db8a4d7f1b1e84cdeb6e8549c070b23b4
Merge: 87f63df 9986f15
Author: manoper93 <sergio.silva.isidoro@gmail.com>
Date:   Sun May 21 13:47:06 2023 +0100

    Merge branch 'Miguel-Santos' of https://github.com/manoper93/P21_GDENERGIA into sergio-isidoro

commit 9986f15fc54e07a785293ede7023ccda83f9599d
Author: manoper93 <sergio.silva.isidoro@gmail.com>
Date:   Sun May 21 13:41:51 2023 +0100

    .

commit 87f63dfc4098e347bbaf33708c9a7d45fd5f4c52
Author: manoper93 <sergio.silva.isidoro@gmail.com>
Date:   Sun May 21 13:30:54 2023 +0100

    .

commit ff8ffd73c0c378f7f330cf0cef7e37b108e3e43e
Author: manoper93 <sergio.silva.isidoro@gmail.com>
Date:   Sun May 21 13:27:35 2023 +0100

    .

commit 691b75486aaedd8740e93ceda3c6f35a6bed5a3d
Merge: b68aabe 9eeb3dd
Author: Miguel Santos <132615659+MS626@users.noreply.github.com>
Date:   Fri May 19 19:09:47 2023 +0100

    Merge pull request #4 from manoper93/Miguel-Santos
    
    Logo

commit 9eeb3dd8ea3b4be9cdcb584b9c296fe9bc324464
Author: Miguel Santos <miguel.santos@areus.pt>
Date:   Fri May 19 19:08:19 2023 +0100

    Logo

commit b68aabec1af1ddbba0fa68cf1eaf761ccacba920
Merge: 811047e 5da00de
Author: Miguel Santos <132615659+MS626@users.noreply.github.com>
Date:   Fri May 19 18:36:58 2023 +0100

    Merge pull request #3 from manoper93/Miguel-Santos
    
    Colocação logo no Separador

commit 5da00de9d9c87d2faeefb8e92095dc5ec9f03b36
Author: Miguel Santos <miguel.santos@areus.pt>
Date:   Fri May 19 15:15:38 2023 +0100

    Colocação logo no Separador

commit 811047e777f9e1cb37efa074e155cac8ec97e6e6
Merge: 11a1c04 38ff85b
Author: Miguel Santos <132615659+MS626@users.noreply.github.com>
Date:   Fri May 19 15:07:57 2023 +0100

    Merge pull request #2 from manoper93/Miguel-Santos
    
    Nome Projeto

commit 38ff85b51a3de091b852058493e1d46d1cb100ac
Author: Miguel Santos <miguel.santos@areus.pt>
Date:   Fri May 19 15:07:20 2023 +0100

    Nome Projeto

commit 11a1c042c16ec1647576962df76f0a539811f384
Merge: 0c51105 c4e1cfc
Author: Miguel Santos <132615659+MS626@users.noreply.github.com>
Date:   Fri May 19 14:57:39 2023 +0100

    Merge pull request #1 from manoper93/Miguel-Santos
    
    Alteração nome projeto

commit c4e1cfc37ef356ad5c30ad58290740c604ae4fb4
Author: Miguel Santos <miguel.santos@areus.pt>
Date:   Fri May 19 14:55:54 2023 +0100

    Alteração nome projeto

commit 0c5110532ad4f0e894fb0c58baf25706adf9d305
Author: Miguel Santos <miguel.santos@areus.pt>
Date:   Fri May 19 14:45:16 2023 +0100

    Adicionar Template

commit eb59523a861e84f094aed2596a45be42f9b82635
Author: manoper93 <sergio.silva.isidoro@gmail.com>
Date:   Fri May 19 12:24:56 2023 +0100

    1

commit 172e8227288fcc55532b0b29fe9dfd9a08df0fe5
Author: manoper93 <sergio.silva.isidoro@gmail.com>
Date:   Fri May 19 11:17:29 2023 +0100

    teste

commit 081f24ad7450f2c8b0cc710c3cf314371fb1db57
Author: manoper93 <sergio.silva.isidoro@gmail.com>
Date:   Fri May 19 11:16:06 2023 +0100

    teste

commit 630d1c74219c85861da306659d6b7564684d8f66
Author: MS626 <132615659+MS626@users.noreply.github.com>
Date:   Thu May 4 22:01:53 2023 +0100

    Update README.md

commit 620bd1c93aae6b09a5670ca09f5f47bbfe3e9f14
Author: MS626 <132615659+MS626@users.noreply.github.com>
Date:   Thu May 4 21:44:36 2023 +0100

    Update README.md

commit 119839528507b46c3ed89a2e4e2f38952bf86bdf
Author: MS626 <132615659+MS626@users.noreply.github.com>
Date:   Thu May 4 21:43:43 2023 +0100

    Update README.md

commit 00ffe7cfd40768ef4032f143bbc532fc4a3511b9
Author: MS626 <132615659+MS626@users.noreply.github.com>
Date:   Thu May 4 21:43:17 2023 +0100

    Update README.md

commit 80cd0f828051dc76cab5ca93cde98cd0aa2ede0f
Author: MS626 <132615659+MS626@users.noreply.github.com>
Date:   Thu May 4 21:43:05 2023 +0100

    Update README.md

commit cc4d72cc4363991c1b9e4699990197c0a1759c7b
Author: MS626 <132615659+MS626@users.noreply.github.com>
Date:   Thu May 4 21:42:47 2023 +0100

    Update README.md

commit 9fed74e332a4ac0671720fbf0d0bcc00492c71fe
Author: MS626 <132615659+MS626@users.noreply.github.com>
Date:   Thu May 4 21:42:25 2023 +0100

    Update README.md

commit de06ef24935bf8979b21b432533e81dbcbaa4f46
Author: S.S.I <70864023+manoper93@users.noreply.github.com>
Date:   Thu May 4 21:41:21 2023 +0100

    Update README.md

commit 0e86e97c0df92160ee507a289b1021c268aa4663
Author: S.S.I <70864023+manoper93@users.noreply.github.com>
Date:   Thu May 4 21:10:41 2023 +0100

    Initial commit
